<?xml version="1.0"?>
<testsuites>
  <testsuite name="PhantomJS 1.9.8 (Windows 7)" package="" timestamp="2014-12-16T23:02:08" id="0" hostname="Marco-Notebook" tests="2" errors="1" failures="2" time="0.005">
    <properties>
      <property name="browser.fullName" value="Mozilla/5.0 (Windows NT 6.1; WOW64) AppleWebKit/534.34 (KHTML, like Gecko) PhantomJS/1.9.8 Safari/534.34"/>
    </properties>
    <testcase name="contains spec with an expectation" time="0.004" classname="PhantomJS 1.9.8 (Windows 7).smoke test">
      <failure type="">QUnit.equals has been deprecated since 2009 (e88049a0), use QUnit.equal instead
Expected: false
Actual: false
    at D:/webwork/CodeKatas/node_modules/qunitjs/qunit/qunit.js:681
    at D:/webwork/CodeKatas/Money/tests/app.js:4
    at sinonSandboxedTest (D:/webwork/CodeKatas/node_modules/sinon/pkg/sinon.js:5162)
    at D:/webwork/CodeKatas/node_modules/qunitjs/qunit/qunit.js:203
    at D:/webwork/CodeKatas/node_modules/qunitjs/qunit/qunit.js:361
    at process (D:/webwork/CodeKatas/node_modules/qunitjs/qunit/qunit.js:1453)
    at D:/webwork/CodeKatas/node_modules/qunitjs/qunit/qunit.js:479

</failure>
    </testcase>
    <testcase name="multiply dollars by scalar" time="0.001" classname="PhantomJS 1.9.8 (Windows 7).Money Kata">
      <failure type="">Died on test #1     at D:/webwork/CodeKatas/node_modules/qunitjs/qunit/qunit.js:425
    at D:/webwork/CodeKatas/Money/tests/app.js:13: Can&apos;t find variable: Dollar
ReferenceError: Can&apos;t find variable: Dollar

</failure>
    </testcase>
    <system-out><![CDATA[
]]></system-out>
    <system-err/>
  </testsuite>
</testsuites>
